[2024-05-14T16:07:53.701+0000] {local_task_job_runner.py:120} INFO - ::group::Pre task execution logs
[2024-05-14T16:07:53.718+0000] {taskinstance.py:2076} INFO - Dependencies all met for dep_context=non-requeueable deps ti=<TaskInstance: process_sales.extract_data_from_api manual__2024-05-14T16:07:51.431466+00:00 [queued]>
[2024-05-14T16:07:53.752+0000] {taskinstance.py:2076} INFO - Dependencies all met for dep_context=requeueable deps ti=<TaskInstance: process_sales.extract_data_from_api manual__2024-05-14T16:07:51.431466+00:00 [queued]>
[2024-05-14T16:07:53.794+0000] {taskinstance.py:2306} INFO - Starting attempt 1 of 3
[2024-05-14T16:07:53.832+0000] {taskinstance.py:2330} INFO - Executing <Task(PythonOperator): extract_data_from_api> on 2024-05-14 16:07:51.431466+00:00
[2024-05-14T16:07:53.858+0000] {warnings.py:110} WARNING - /home/***/.local/lib/python3.12/site-packages/***/task/task_runner/standard_task_runner.py:61: DeprecationWarning: This process (pid=166) is multi-threaded, use of fork() may lead to deadlocks in the child.
  pid = os.fork()

[2024-05-14T16:07:53.859+0000] {standard_task_runner.py:90} INFO - Running: ['***', 'tasks', 'run', 'process_sales', 'extract_data_from_api', 'manual__2024-05-14T16:07:51.431466+00:00', '--job-id', '158', '--raw', '--subdir', 'DAGS_FOLDER/process_sales.py', '--cfg-path', '/tmp/tmpbuzhbx8h']
[2024-05-14T16:07:53.869+0000] {standard_task_runner.py:63} INFO - Started process 175 to run task
[2024-05-14T16:07:53.870+0000] {standard_task_runner.py:91} INFO - Job 158: Subtask extract_data_from_api
[2024-05-14T16:07:53.978+0000] {task_command.py:426} INFO - Running <TaskInstance: process_sales.extract_data_from_api manual__2024-05-14T16:07:51.431466+00:00 [running]> on host 6239d20906ca
[2024-05-14T16:07:54.059+0000] {taskinstance.py:2648} INFO - Exporting env vars: AIRFLOW_CTX_DAG_EMAIL='ostapenko.vctr@gmail.com' AIRFLOW_CTX_DAG_OWNER='***' AIRFLOW_CTX_DAG_ID='process_sales' AIRFLOW_CTX_TASK_ID='extract_data_from_api' AIRFLOW_CTX_EXECUTION_DATE='2024-05-14T16:07:51.431466+00:00' AIRFLOW_CTX_TRY_NUMBER='1' AIRFLOW_CTX_DAG_RUN_ID='manual__2024-05-14T16:07:51.431466+00:00'
[2024-05-14T16:07:54.085+0000] {taskinstance.py:430} INFO - ::endgroup::
[2024-05-14T16:07:54.086+0000] {logging_mixin.py:188} INFO - Starting job1. Date: 2022-08-10
[2024-05-14T16:07:55.932+0000] {logging_mixin.py:188} INFO - job1 completed. Date: 2022-08-10
[2024-05-14T16:07:55.935+0000] {python.py:237} INFO - Done. Returned value was: None
[2024-05-14T16:07:55.937+0000] {taskinstance.py:441} INFO - ::group::Post task execution logs
[2024-05-14T16:07:55.951+0000] {taskinstance.py:1206} INFO - Marking task as SUCCESS. dag_id=process_sales, task_id=extract_data_from_api, run_id=manual__2024-05-14T16:07:51.431466+00:00, execution_date=20240514T160751, start_date=20240514T160753, end_date=20240514T160755
[2024-05-14T16:07:55.990+0000] {local_task_job_runner.py:240} INFO - Task exited with return code 0
[2024-05-14T16:07:56.023+0000] {taskinstance.py:3498} INFO - 1 downstream tasks scheduled from follow-on schedule check
[2024-05-14T16:07:56.026+0000] {local_task_job_runner.py:222} INFO - ::endgroup::
