[2024-05-14T16:05:12.404+0000] {local_task_job_runner.py:120} INFO - ::group::Pre task execution logs
[2024-05-14T16:05:12.421+0000] {taskinstance.py:2076} INFO - Dependencies all met for dep_context=non-requeueable deps ti=<TaskInstance: process_sales.extract_data_from_api manual__2024-05-14T15:35:45.598161+00:00 [queued]>
[2024-05-14T16:05:12.427+0000] {taskinstance.py:2076} INFO - Dependencies all met for dep_context=requeueable deps ti=<TaskInstance: process_sales.extract_data_from_api manual__2024-05-14T15:35:45.598161+00:00 [queued]>
[2024-05-14T16:05:12.429+0000] {taskinstance.py:2306} INFO - Starting attempt 4 of 6
[2024-05-14T16:05:12.440+0000] {taskinstance.py:2330} INFO - Executing <Task(PythonOperator): extract_data_from_api> on 2024-05-14 15:35:45.598161+00:00
[2024-05-14T16:05:12.448+0000] {warnings.py:110} WARNING - /home/***/.local/lib/python3.12/site-packages/***/task/task_runner/standard_task_runner.py:61: DeprecationWarning: This process (pid=111) is multi-threaded, use of fork() may lead to deadlocks in the child.
  pid = os.fork()

[2024-05-14T16:05:12.450+0000] {standard_task_runner.py:63} INFO - Started process 120 to run task
[2024-05-14T16:05:12.450+0000] {standard_task_runner.py:90} INFO - Running: ['***', 'tasks', 'run', 'process_sales', 'extract_data_from_api', 'manual__2024-05-14T15:35:45.598161+00:00', '--job-id', '152', '--raw', '--subdir', 'DAGS_FOLDER/process_sales.py', '--cfg-path', '/tmp/tmpxkcn3tba']
[2024-05-14T16:05:12.452+0000] {standard_task_runner.py:91} INFO - Job 152: Subtask extract_data_from_api
[2024-05-14T16:05:12.496+0000] {task_command.py:426} INFO - Running <TaskInstance: process_sales.extract_data_from_api manual__2024-05-14T15:35:45.598161+00:00 [running]> on host 6239d20906ca
[2024-05-14T16:05:12.561+0000] {taskinstance.py:2648} INFO - Exporting env vars: AIRFLOW_CTX_DAG_EMAIL='ostapenko.vctr@gmail.com' AIRFLOW_CTX_DAG_OWNER='***' AIRFLOW_CTX_DAG_ID='process_sales' AIRFLOW_CTX_TASK_ID='extract_data_from_api' AIRFLOW_CTX_EXECUTION_DATE='2024-05-14T15:35:45.598161+00:00' AIRFLOW_CTX_TRY_NUMBER='4' AIRFLOW_CTX_DAG_RUN_ID='manual__2024-05-14T15:35:45.598161+00:00'
[2024-05-14T16:05:12.563+0000] {taskinstance.py:430} INFO - ::endgroup::
[2024-05-14T16:05:12.564+0000] {logging_mixin.py:188} INFO - Starting job1. Date: 2022-08-10. RAW_DIR: raw/sales/2022-08-10
[2024-05-14T16:05:12.564+0000] {logging_mixin.py:188} INFO - Sending request to "http://localhost:8081"
[2024-05-14T16:05:14.083+0000] {logging_mixin.py:188} INFO - Req sent to "http://localhost:8081"
[2024-05-14T16:05:14.084+0000] {logging_mixin.py:188} INFO - job1 completed. Date: 2022-08-10
[2024-05-14T16:05:14.084+0000] {python.py:237} INFO - Done. Returned value was: None
[2024-05-14T16:05:14.103+0000] {taskinstance.py:441} INFO - ::group::Post task execution logs
[2024-05-14T16:05:14.114+0000] {taskinstance.py:1206} INFO - Marking task as SUCCESS. dag_id=process_sales, task_id=extract_data_from_api, run_id=manual__2024-05-14T15:35:45.598161+00:00, execution_date=20240514T153545, start_date=20240514T160512, end_date=20240514T160514
[2024-05-14T16:05:14.151+0000] {local_task_job_runner.py:240} INFO - Task exited with return code 0
[2024-05-14T16:05:14.177+0000] {taskinstance.py:3498} INFO - 0 downstream tasks scheduled from follow-on schedule check
[2024-05-14T16:05:14.182+0000] {local_task_job_runner.py:222} INFO - ::endgroup::
