[2024-05-17T19:09:45.057+0000] {local_task_job_runner.py:120} INFO - ::group::Pre task execution logs
[2024-05-17T19:09:45.075+0000] {taskinstance.py:2076} INFO - Dependencies all met for dep_context=non-requeueable deps ti=<TaskInstance: process_sales.extract_data_from_api scheduled__2022-08-09T01:00:00+00:00 [queued]>
[2024-05-17T19:09:45.082+0000] {taskinstance.py:2076} INFO - Dependencies all met for dep_context=requeueable deps ti=<TaskInstance: process_sales.extract_data_from_api scheduled__2022-08-09T01:00:00+00:00 [queued]>
[2024-05-17T19:09:45.083+0000] {taskinstance.py:2306} INFO - Starting attempt 1 of 3
[2024-05-17T19:09:45.093+0000] {taskinstance.py:2330} INFO - Executing <Task(PythonOperator): extract_data_from_api> on 2022-08-09 01:00:00+00:00
[2024-05-17T19:09:45.100+0000] {warnings.py:110} WARNING - /home/***/.local/lib/python3.12/site-packages/***/task/task_runner/standard_task_runner.py:61: DeprecationWarning: This process (pid=1413) is multi-threaded, use of fork() may lead to deadlocks in the child.
  pid = os.fork()

[2024-05-17T19:09:45.102+0000] {standard_task_runner.py:63} INFO - Started process 1415 to run task
[2024-05-17T19:09:45.101+0000] {standard_task_runner.py:90} INFO - Running: ['***', 'tasks', 'run', 'process_sales', 'extract_data_from_api', 'scheduled__2022-08-09T01:00:00+00:00', '--job-id', '216', '--raw', '--subdir', 'DAGS_FOLDER/process_sales.py', '--cfg-path', '/tmp/tmpfvfxhcpr']
[2024-05-17T19:09:45.103+0000] {standard_task_runner.py:91} INFO - Job 216: Subtask extract_data_from_api
[2024-05-17T19:09:45.146+0000] {task_command.py:426} INFO - Running <TaskInstance: process_sales.extract_data_from_api scheduled__2022-08-09T01:00:00+00:00 [running]> on host 6239d20906ca
[2024-05-17T19:09:45.209+0000] {taskinstance.py:2648} INFO - Exporting env vars: AIRFLOW_CTX_DAG_EMAIL='ostapenko.vctr@gmail.com' AIRFLOW_CTX_DAG_OWNER='***' AIRFLOW_CTX_DAG_ID='process_sales' AIRFLOW_CTX_TASK_ID='extract_data_from_api' AIRFLOW_CTX_EXECUTION_DATE='2022-08-09T01:00:00+00:00' AIRFLOW_CTX_TRY_NUMBER='1' AIRFLOW_CTX_DAG_RUN_ID='scheduled__2022-08-09T01:00:00+00:00'
[2024-05-17T19:09:45.211+0000] {taskinstance.py:430} INFO - ::endgroup::
[2024-05-17T19:09:45.211+0000] {logging_mixin.py:188} INFO - 2022-08-09
[2024-05-17T19:09:47.240+0000] {logging_mixin.py:188} INFO - Job_2 done! Response code: 200.
[2024-05-17T19:09:47.240+0000] {python.py:237} INFO - Done. Returned value was: None
[2024-05-17T19:09:47.241+0000] {taskinstance.py:441} INFO - ::group::Post task execution logs
[2024-05-17T19:09:47.250+0000] {taskinstance.py:1206} INFO - Marking task as SUCCESS. dag_id=process_sales, task_id=extract_data_from_api, run_id=scheduled__2022-08-09T01:00:00+00:00, execution_date=20220809T010000, start_date=20240517T190945, end_date=20240517T190947
[2024-05-17T19:09:47.287+0000] {local_task_job_runner.py:240} INFO - Task exited with return code 0
[2024-05-17T19:09:47.299+0000] {taskinstance.py:3498} INFO - 0 downstream tasks scheduled from follow-on schedule check
[2024-05-17T19:09:47.301+0000] {local_task_job_runner.py:222} INFO - ::endgroup::
[2024-05-17T19:14:09.824+0000] {local_task_job_runner.py:120} INFO - ::group::Pre task execution logs
[2024-05-17T19:14:09.840+0000] {taskinstance.py:2076} INFO - Dependencies all met for dep_context=non-requeueable deps ti=<TaskInstance: process_sales.extract_data_from_api scheduled__2022-08-09T01:00:00+00:00 [queued]>
[2024-05-17T19:14:09.845+0000] {taskinstance.py:2076} INFO - Dependencies all met for dep_context=requeueable deps ti=<TaskInstance: process_sales.extract_data_from_api scheduled__2022-08-09T01:00:00+00:00 [queued]>
[2024-05-17T19:14:09.846+0000] {taskinstance.py:2306} INFO - Starting attempt 1 of 3
[2024-05-17T19:14:09.856+0000] {taskinstance.py:2330} INFO - Executing <Task(PythonOperator): extract_data_from_api> on 2022-08-09 01:00:00+00:00
[2024-05-17T19:14:09.861+0000] {warnings.py:110} WARNING - /home/***/.local/lib/python3.12/site-packages/***/task/task_runner/standard_task_runner.py:61: DeprecationWarning: This process (pid=78) is multi-threaded, use of fork() may lead to deadlocks in the child.
  pid = os.fork()

[2024-05-17T19:14:09.863+0000] {standard_task_runner.py:63} INFO - Started process 80 to run task
[2024-05-17T19:14:09.863+0000] {standard_task_runner.py:90} INFO - Running: ['***', 'tasks', 'run', 'process_sales', 'extract_data_from_api', 'scheduled__2022-08-09T01:00:00+00:00', '--job-id', '241', '--raw', '--subdir', 'DAGS_FOLDER/process_sales.py', '--cfg-path', '/tmp/tmp2oeblzyo']
[2024-05-17T19:14:09.865+0000] {standard_task_runner.py:91} INFO - Job 241: Subtask extract_data_from_api
[2024-05-17T19:14:09.904+0000] {task_command.py:426} INFO - Running <TaskInstance: process_sales.extract_data_from_api scheduled__2022-08-09T01:00:00+00:00 [running]> on host 6239d20906ca
[2024-05-17T19:14:09.966+0000] {taskinstance.py:2648} INFO - Exporting env vars: AIRFLOW_CTX_DAG_EMAIL='ostapenko.vctr@gmail.com' AIRFLOW_CTX_DAG_OWNER='***' AIRFLOW_CTX_DAG_ID='process_sales' AIRFLOW_CTX_TASK_ID='extract_data_from_api' AIRFLOW_CTX_EXECUTION_DATE='2022-08-09T01:00:00+00:00' AIRFLOW_CTX_TRY_NUMBER='1' AIRFLOW_CTX_DAG_RUN_ID='scheduled__2022-08-09T01:00:00+00:00'
[2024-05-17T19:14:09.968+0000] {taskinstance.py:430} INFO - ::endgroup::
[2024-05-17T19:14:09.969+0000] {logging_mixin.py:188} INFO - 2022-08-09
[2024-05-17T19:14:12.402+0000] {logging_mixin.py:188} INFO - Job_2 done! Response code: 200.
[2024-05-17T19:14:12.403+0000] {python.py:237} INFO - Done. Returned value was: None
[2024-05-17T19:14:12.404+0000] {taskinstance.py:441} INFO - ::group::Post task execution logs
[2024-05-17T19:14:12.414+0000] {taskinstance.py:1206} INFO - Marking task as SUCCESS. dag_id=process_sales, task_id=extract_data_from_api, run_id=scheduled__2022-08-09T01:00:00+00:00, execution_date=20220809T010000, start_date=20240517T191409, end_date=20240517T191412
[2024-05-17T19:14:12.453+0000] {local_task_job_runner.py:240} INFO - Task exited with return code 0
[2024-05-17T19:14:12.471+0000] {taskinstance.py:3498} INFO - 1 downstream tasks scheduled from follow-on schedule check
[2024-05-17T19:14:12.473+0000] {local_task_job_runner.py:222} INFO - ::endgroup::
[2024-05-17T19:15:37.702+0000] {local_task_job_runner.py:120} INFO - ::group::Pre task execution logs
[2024-05-17T19:15:37.719+0000] {taskinstance.py:2076} INFO - Dependencies all met for dep_context=non-requeueable deps ti=<TaskInstance: process_sales.extract_data_from_api scheduled__2022-08-09T01:00:00+00:00 [queued]>
[2024-05-17T19:15:37.724+0000] {taskinstance.py:2076} INFO - Dependencies all met for dep_context=requeueable deps ti=<TaskInstance: process_sales.extract_data_from_api scheduled__2022-08-09T01:00:00+00:00 [queued]>
[2024-05-17T19:15:37.725+0000] {taskinstance.py:2306} INFO - Starting attempt 1 of 3
[2024-05-17T19:15:37.735+0000] {taskinstance.py:2330} INFO - Executing <Task(PythonOperator): extract_data_from_api> on 2022-08-09 01:00:00+00:00
[2024-05-17T19:15:37.740+0000] {warnings.py:110} WARNING - /home/***/.local/lib/python3.12/site-packages/***/task/task_runner/standard_task_runner.py:61: DeprecationWarning: This process (pid=104) is multi-threaded, use of fork() may lead to deadlocks in the child.
  pid = os.fork()

[2024-05-17T19:15:37.742+0000] {standard_task_runner.py:63} INFO - Started process 106 to run task
[2024-05-17T19:15:37.742+0000] {standard_task_runner.py:90} INFO - Running: ['***', 'tasks', 'run', 'process_sales', 'extract_data_from_api', 'scheduled__2022-08-09T01:00:00+00:00', '--job-id', '245', '--raw', '--subdir', 'DAGS_FOLDER/process_sales.py', '--cfg-path', '/tmp/tmpfxo3m96_']
[2024-05-17T19:15:37.743+0000] {standard_task_runner.py:91} INFO - Job 245: Subtask extract_data_from_api
[2024-05-17T19:15:37.780+0000] {task_command.py:426} INFO - Running <TaskInstance: process_sales.extract_data_from_api scheduled__2022-08-09T01:00:00+00:00 [running]> on host 6239d20906ca
[2024-05-17T19:15:37.840+0000] {taskinstance.py:2648} INFO - Exporting env vars: AIRFLOW_CTX_DAG_EMAIL='ostapenko.vctr@gmail.com' AIRFLOW_CTX_DAG_OWNER='***' AIRFLOW_CTX_DAG_ID='process_sales' AIRFLOW_CTX_TASK_ID='extract_data_from_api' AIRFLOW_CTX_EXECUTION_DATE='2022-08-09T01:00:00+00:00' AIRFLOW_CTX_TRY_NUMBER='1' AIRFLOW_CTX_DAG_RUN_ID='scheduled__2022-08-09T01:00:00+00:00'
[2024-05-17T19:15:37.842+0000] {taskinstance.py:430} INFO - ::endgroup::
[2024-05-17T19:15:37.843+0000] {logging_mixin.py:188} INFO - 2022-08-09
[2024-05-17T19:15:40.222+0000] {logging_mixin.py:188} INFO - Job_2 done! Response code: 200.
[2024-05-17T19:15:40.223+0000] {python.py:237} INFO - Done. Returned value was: None
[2024-05-17T19:15:40.223+0000] {taskinstance.py:441} INFO - ::group::Post task execution logs
[2024-05-17T19:15:40.232+0000] {taskinstance.py:1206} INFO - Marking task as SUCCESS. dag_id=process_sales, task_id=extract_data_from_api, run_id=scheduled__2022-08-09T01:00:00+00:00, execution_date=20220809T010000, start_date=20240517T191537, end_date=20240517T191540
[2024-05-17T19:15:40.250+0000] {local_task_job_runner.py:240} INFO - Task exited with return code 0
[2024-05-17T19:15:40.267+0000] {taskinstance.py:3498} INFO - 1 downstream tasks scheduled from follow-on schedule check
[2024-05-17T19:15:40.269+0000] {local_task_job_runner.py:222} INFO - ::endgroup::
