[2024-05-14T16:06:58.381+0000] {local_task_job_runner.py:120} INFO - ::group::Pre task execution logs
[2024-05-14T16:06:58.404+0000] {taskinstance.py:2076} INFO - Dependencies all met for dep_context=non-requeueable deps ti=<TaskInstance: process_sales.extract_data_from_api manual__2024-05-14T16:06:56.433611+00:00 [queued]>
[2024-05-14T16:06:58.414+0000] {taskinstance.py:2076} INFO - Dependencies all met for dep_context=requeueable deps ti=<TaskInstance: process_sales.extract_data_from_api manual__2024-05-14T16:06:56.433611+00:00 [queued]>
[2024-05-14T16:06:58.417+0000] {taskinstance.py:2306} INFO - Starting attempt 1 of 3
[2024-05-14T16:06:58.433+0000] {taskinstance.py:2330} INFO - Executing <Task(PythonOperator): extract_data_from_api> on 2024-05-14 16:06:56.433611+00:00
[2024-05-14T16:06:58.442+0000] {warnings.py:110} WARNING - /home/***/.local/lib/python3.12/site-packages/***/task/task_runner/standard_task_runner.py:61: DeprecationWarning: This process (pid=147) is multi-threaded, use of fork() may lead to deadlocks in the child.
  pid = os.fork()

[2024-05-14T16:06:58.445+0000] {standard_task_runner.py:63} INFO - Started process 149 to run task
[2024-05-14T16:06:58.445+0000] {standard_task_runner.py:90} INFO - Running: ['***', 'tasks', 'run', 'process_sales', 'extract_data_from_api', 'manual__2024-05-14T16:06:56.433611+00:00', '--job-id', '154', '--raw', '--subdir', 'DAGS_FOLDER/process_sales.py', '--cfg-path', '/tmp/tmpllot1k7i']
[2024-05-14T16:06:58.447+0000] {standard_task_runner.py:91} INFO - Job 154: Subtask extract_data_from_api
[2024-05-14T16:06:58.527+0000] {task_command.py:426} INFO - Running <TaskInstance: process_sales.extract_data_from_api manual__2024-05-14T16:06:56.433611+00:00 [running]> on host 6239d20906ca
[2024-05-14T16:06:58.610+0000] {taskinstance.py:2648} INFO - Exporting env vars: AIRFLOW_CTX_DAG_EMAIL='ostapenko.vctr@gmail.com' AIRFLOW_CTX_DAG_OWNER='***' AIRFLOW_CTX_DAG_ID='process_sales' AIRFLOW_CTX_TASK_ID='extract_data_from_api' AIRFLOW_CTX_EXECUTION_DATE='2024-05-14T16:06:56.433611+00:00' AIRFLOW_CTX_TRY_NUMBER='1' AIRFLOW_CTX_DAG_RUN_ID='manual__2024-05-14T16:06:56.433611+00:00'
[2024-05-14T16:06:58.620+0000] {taskinstance.py:430} INFO - ::endgroup::
[2024-05-14T16:06:58.621+0000] {logging_mixin.py:188} INFO - Starting job1. Date: 2022-08-10. RAW_DIR: raw/sales/2022-08-10
[2024-05-14T16:06:58.622+0000] {logging_mixin.py:188} INFO - Sending request to "http://localhost:8081"
[2024-05-14T16:07:00.428+0000] {logging_mixin.py:188} INFO - Req sent to "http://localhost:8081"
[2024-05-14T16:07:00.434+0000] {logging_mixin.py:188} INFO - job1 completed. Date: 2022-08-10
[2024-05-14T16:07:00.438+0000] {python.py:237} INFO - Done. Returned value was: None
[2024-05-14T16:07:00.440+0000] {taskinstance.py:441} INFO - ::group::Post task execution logs
[2024-05-14T16:07:00.463+0000] {taskinstance.py:1206} INFO - Marking task as SUCCESS. dag_id=process_sales, task_id=extract_data_from_api, run_id=manual__2024-05-14T16:06:56.433611+00:00, execution_date=20240514T160656, start_date=20240514T160658, end_date=20240514T160700
[2024-05-14T16:07:00.515+0000] {local_task_job_runner.py:240} INFO - Task exited with return code 0
[2024-05-14T16:07:00.538+0000] {taskinstance.py:3498} INFO - 1 downstream tasks scheduled from follow-on schedule check
[2024-05-14T16:07:00.541+0000] {local_task_job_runner.py:222} INFO - ::endgroup::
