[2024-05-17T19:11:11.998+0000] {local_task_job_runner.py:120} INFO - ::group::Pre task execution logs
[2024-05-17T19:11:12.015+0000] {taskinstance.py:2076} INFO - Dependencies all met for dep_context=non-requeueable deps ti=<TaskInstance: process_sales.convert_to_avro scheduled__2022-08-18T01:00:00+00:00 [queued]>
[2024-05-17T19:11:12.021+0000] {taskinstance.py:2076} INFO - Dependencies all met for dep_context=requeueable deps ti=<TaskInstance: process_sales.convert_to_avro scheduled__2022-08-18T01:00:00+00:00 [queued]>
[2024-05-17T19:11:12.022+0000] {taskinstance.py:2306} INFO - Starting attempt 1 of 3
[2024-05-17T19:11:12.033+0000] {taskinstance.py:2330} INFO - Executing <Task(PythonOperator): convert_to_avro> on 2022-08-18 01:00:00+00:00
[2024-05-17T19:11:12.040+0000] {warnings.py:110} WARNING - /home/***/.local/lib/python3.12/site-packages/***/task/task_runner/standard_task_runner.py:61: DeprecationWarning: This process (pid=1497) is multi-threaded, use of fork() may lead to deadlocks in the child.
  pid = os.fork()

[2024-05-17T19:11:12.041+0000] {standard_task_runner.py:63} INFO - Started process 1499 to run task
[2024-05-17T19:11:12.041+0000] {standard_task_runner.py:90} INFO - Running: ['***', 'tasks', 'run', 'process_sales', 'convert_to_avro', 'scheduled__2022-08-18T01:00:00+00:00', '--job-id', '237', '--raw', '--subdir', 'DAGS_FOLDER/process_sales.py', '--cfg-path', '/tmp/tmphofrx4n0']
[2024-05-17T19:11:12.043+0000] {standard_task_runner.py:91} INFO - Job 237: Subtask convert_to_avro
[2024-05-17T19:11:12.079+0000] {task_command.py:426} INFO - Running <TaskInstance: process_sales.convert_to_avro scheduled__2022-08-18T01:00:00+00:00 [running]> on host 6239d20906ca
[2024-05-17T19:11:12.152+0000] {taskinstance.py:2648} INFO - Exporting env vars: AIRFLOW_CTX_DAG_EMAIL='ostapenko.vctr@gmail.com' AIRFLOW_CTX_DAG_OWNER='***' AIRFLOW_CTX_DAG_ID='process_sales' AIRFLOW_CTX_TASK_ID='convert_to_avro' AIRFLOW_CTX_EXECUTION_DATE='2022-08-18T01:00:00+00:00' AIRFLOW_CTX_TRY_NUMBER='1' AIRFLOW_CTX_DAG_RUN_ID='scheduled__2022-08-18T01:00:00+00:00'
[2024-05-17T19:11:12.154+0000] {taskinstance.py:430} INFO - ::endgroup::
[2024-05-17T19:11:12.391+0000] {logging_mixin.py:188} INFO - Job_2 done! Response code: 200.
[2024-05-17T19:11:12.392+0000] {python.py:237} INFO - Done. Returned value was: None
[2024-05-17T19:11:12.393+0000] {taskinstance.py:441} INFO - ::group::Post task execution logs
[2024-05-17T19:11:12.402+0000] {taskinstance.py:1206} INFO - Marking task as SUCCESS. dag_id=process_sales, task_id=convert_to_avro, run_id=scheduled__2022-08-18T01:00:00+00:00, execution_date=20220818T010000, start_date=20240517T191112, end_date=20240517T191112
[2024-05-17T19:11:12.416+0000] {local_task_job_runner.py:240} INFO - Task exited with return code 0
[2024-05-17T19:11:12.431+0000] {taskinstance.py:3498} INFO - 0 downstream tasks scheduled from follow-on schedule check
[2024-05-17T19:11:12.434+0000] {local_task_job_runner.py:222} INFO - ::endgroup::
