[2024-05-14T16:53:51.970+0000] {local_task_job_runner.py:120} INFO - ::group::Pre task execution logs
[2024-05-14T16:53:51.996+0000] {taskinstance.py:2076} INFO - Dependencies all met for dep_context=non-requeueable deps ti=<TaskInstance: process_sales.convert_to_avro manual__2024-05-14T16:53:44.612469+00:00 [queued]>
[2024-05-14T16:53:52.013+0000] {taskinstance.py:2076} INFO - Dependencies all met for dep_context=requeueable deps ti=<TaskInstance: process_sales.convert_to_avro manual__2024-05-14T16:53:44.612469+00:00 [queued]>
[2024-05-14T16:53:52.014+0000] {taskinstance.py:2306} INFO - Starting attempt 1 of 3
[2024-05-14T16:53:52.033+0000] {taskinstance.py:2330} INFO - Executing <Task(PythonOperator): convert_to_avro> on 2024-05-14 16:53:44.612469+00:00
[2024-05-14T16:53:52.042+0000] {warnings.py:110} WARNING - /home/***/.local/lib/python3.12/site-packages/***/task/task_runner/standard_task_runner.py:61: DeprecationWarning: This process (pid=774) is multi-threaded, use of fork() may lead to deadlocks in the child.
  pid = os.fork()

[2024-05-14T16:53:52.045+0000] {standard_task_runner.py:63} INFO - Started process 776 to run task
[2024-05-14T16:53:52.045+0000] {standard_task_runner.py:90} INFO - Running: ['***', 'tasks', 'run', 'process_sales', 'convert_to_avro', 'manual__2024-05-14T16:53:44.612469+00:00', '--job-id', '165', '--raw', '--subdir', 'DAGS_FOLDER/process_sales.py', '--cfg-path', '/tmp/tmpllpsownd']
[2024-05-14T16:53:52.047+0000] {standard_task_runner.py:91} INFO - Job 165: Subtask convert_to_avro
[2024-05-14T16:53:52.094+0000] {task_command.py:426} INFO - Running <TaskInstance: process_sales.convert_to_avro manual__2024-05-14T16:53:44.612469+00:00 [running]> on host 6239d20906ca
[2024-05-14T16:53:52.164+0000] {taskinstance.py:2648} INFO - Exporting env vars: AIRFLOW_CTX_DAG_EMAIL='ostapenko.vctr@gmail.com' AIRFLOW_CTX_DAG_OWNER='***' AIRFLOW_CTX_DAG_ID='process_sales' AIRFLOW_CTX_TASK_ID='convert_to_avro' AIRFLOW_CTX_EXECUTION_DATE='2024-05-14T16:53:44.612469+00:00' AIRFLOW_CTX_TRY_NUMBER='1' AIRFLOW_CTX_DAG_RUN_ID='manual__2024-05-14T16:53:44.612469+00:00'
[2024-05-14T16:53:52.169+0000] {taskinstance.py:430} INFO - ::endgroup::
[2024-05-14T16:53:52.188+0000] {logging_mixin.py:188} INFO - Job started (port 8082). Date: 2022-08-09
[2024-05-14T16:53:52.570+0000] {logging_mixin.py:188} INFO - Job completed (port 8082). Date: 2022-08-09
[2024-05-14T16:53:52.573+0000] {logging_mixin.py:188} INFO - job_2 completed.
[2024-05-14T16:53:52.574+0000] {python.py:237} INFO - Done. Returned value was: None
[2024-05-14T16:53:52.576+0000] {taskinstance.py:441} INFO - ::group::Post task execution logs
[2024-05-14T16:53:52.586+0000] {taskinstance.py:1206} INFO - Marking task as SUCCESS. dag_id=process_sales, task_id=convert_to_avro, run_id=manual__2024-05-14T16:53:44.612469+00:00, execution_date=20240514T165344, start_date=20240514T165351, end_date=20240514T165352
[2024-05-14T16:53:52.622+0000] {local_task_job_runner.py:240} INFO - Task exited with return code 0
[2024-05-14T16:53:52.633+0000] {taskinstance.py:3498} INFO - 0 downstream tasks scheduled from follow-on schedule check
[2024-05-14T16:53:52.636+0000] {local_task_job_runner.py:222} INFO - ::endgroup::
