[2024-05-14T16:53:47.293+0000] {local_task_job_runner.py:120} INFO - ::group::Pre task execution logs
[2024-05-14T16:53:47.310+0000] {taskinstance.py:2076} INFO - Dependencies all met for dep_context=non-requeueable deps ti=<TaskInstance: process_sales.extract_data_from_api manual__2024-05-14T16:53:44.612469+00:00 [queued]>
[2024-05-14T16:53:47.316+0000] {taskinstance.py:2076} INFO - Dependencies all met for dep_context=requeueable deps ti=<TaskInstance: process_sales.extract_data_from_api manual__2024-05-14T16:53:44.612469+00:00 [queued]>
[2024-05-14T16:53:47.318+0000] {taskinstance.py:2306} INFO - Starting attempt 1 of 3
[2024-05-14T16:53:47.330+0000] {taskinstance.py:2330} INFO - Executing <Task(PythonOperator): extract_data_from_api> on 2024-05-14 16:53:44.612469+00:00
[2024-05-14T16:53:47.337+0000] {warnings.py:110} WARNING - /home/***/.local/lib/python3.12/site-packages/***/task/task_runner/standard_task_runner.py:61: DeprecationWarning: This process (pid=771) is multi-threaded, use of fork() may lead to deadlocks in the child.
  pid = os.fork()

[2024-05-14T16:53:47.339+0000] {standard_task_runner.py:63} INFO - Started process 773 to run task
[2024-05-14T16:53:47.338+0000] {standard_task_runner.py:90} INFO - Running: ['***', 'tasks', 'run', 'process_sales', 'extract_data_from_api', 'manual__2024-05-14T16:53:44.612469+00:00', '--job-id', '164', '--raw', '--subdir', 'DAGS_FOLDER/process_sales.py', '--cfg-path', '/tmp/tmp47zs8w3a']
[2024-05-14T16:53:47.341+0000] {standard_task_runner.py:91} INFO - Job 164: Subtask extract_data_from_api
[2024-05-14T16:53:47.391+0000] {task_command.py:426} INFO - Running <TaskInstance: process_sales.extract_data_from_api manual__2024-05-14T16:53:44.612469+00:00 [running]> on host 6239d20906ca
[2024-05-14T16:53:47.470+0000] {taskinstance.py:2648} INFO - Exporting env vars: AIRFLOW_CTX_DAG_EMAIL='ostapenko.vctr@gmail.com' AIRFLOW_CTX_DAG_OWNER='***' AIRFLOW_CTX_DAG_ID='process_sales' AIRFLOW_CTX_TASK_ID='extract_data_from_api' AIRFLOW_CTX_EXECUTION_DATE='2024-05-14T16:53:44.612469+00:00' AIRFLOW_CTX_TRY_NUMBER='1' AIRFLOW_CTX_DAG_RUN_ID='manual__2024-05-14T16:53:44.612469+00:00'
[2024-05-14T16:53:47.474+0000] {taskinstance.py:430} INFO - ::endgroup::
[2024-05-14T16:53:47.475+0000] {logging_mixin.py:188} INFO - Job started (port 8081). Date: 2022-08-09
[2024-05-14T16:53:49.688+0000] {logging_mixin.py:188} INFO - Job completed (port 8081). Date: 2022-08-09
[2024-05-14T16:53:49.689+0000] {logging_mixin.py:188} INFO - job_1 completed.
[2024-05-14T16:53:49.695+0000] {python.py:237} INFO - Done. Returned value was: None
[2024-05-14T16:53:49.698+0000] {taskinstance.py:441} INFO - ::group::Post task execution logs
[2024-05-14T16:53:49.733+0000] {taskinstance.py:1206} INFO - Marking task as SUCCESS. dag_id=process_sales, task_id=extract_data_from_api, run_id=manual__2024-05-14T16:53:44.612469+00:00, execution_date=20240514T165344, start_date=20240514T165347, end_date=20240514T165349
[2024-05-14T16:53:49.810+0000] {local_task_job_runner.py:240} INFO - Task exited with return code 0
[2024-05-14T16:53:49.835+0000] {taskinstance.py:3498} INFO - 1 downstream tasks scheduled from follow-on schedule check
[2024-05-14T16:53:49.838+0000] {local_task_job_runner.py:222} INFO - ::endgroup::
