[2024-05-17T14:56:42.866+0000] {local_task_job_runner.py:120} INFO - ::group::Pre task execution logs
[2024-05-17T14:56:42.888+0000] {taskinstance.py:2076} INFO - Dependencies all met for dep_context=non-requeueable deps ti=<TaskInstance: first_dag.print_hello scheduled__2024-05-14T05:00:00+00:00 [queued]>
[2024-05-17T14:56:42.895+0000] {taskinstance.py:2076} INFO - Dependencies all met for dep_context=requeueable deps ti=<TaskInstance: first_dag.print_hello scheduled__2024-05-14T05:00:00+00:00 [queued]>
[2024-05-17T14:56:42.896+0000] {taskinstance.py:2306} INFO - Starting attempt 1 of 3
[2024-05-17T14:56:42.908+0000] {taskinstance.py:2330} INFO - Executing <Task(PythonOperator): print_hello> on 2024-05-14 05:00:00+00:00
[2024-05-17T14:56:42.915+0000] {warnings.py:110} WARNING - /home/***/.local/lib/python3.12/site-packages/***/task/task_runner/standard_task_runner.py:61: DeprecationWarning: This process (pid=57) is multi-threaded, use of fork() may lead to deadlocks in the child.
  pid = os.fork()

[2024-05-17T14:56:42.917+0000] {standard_task_runner.py:63} INFO - Started process 63 to run task
[2024-05-17T14:56:42.917+0000] {standard_task_runner.py:90} INFO - Running: ['***', 'tasks', 'run', 'first_dag', 'print_hello', 'scheduled__2024-05-14T05:00:00+00:00', '--job-id', '174', '--raw', '--subdir', 'DAGS_FOLDER/first_dag.py', '--cfg-path', '/tmp/tmpjvzxngon']
[2024-05-17T14:56:42.919+0000] {standard_task_runner.py:91} INFO - Job 174: Subtask print_hello
[2024-05-17T14:56:42.965+0000] {task_command.py:426} INFO - Running <TaskInstance: first_dag.print_hello scheduled__2024-05-14T05:00:00+00:00 [running]> on host 6239d20906ca
[2024-05-17T14:56:43.048+0000] {taskinstance.py:2648} INFO - Exporting env vars: AIRFLOW_CTX_DAG_EMAIL='ostapenko.vctr@gmail.com' AIRFLOW_CTX_DAG_OWNER='***' AIRFLOW_CTX_DAG_ID='first_dag' AIRFLOW_CTX_TASK_ID='print_hello' AIRFLOW_CTX_EXECUTION_DATE='2024-05-14T05:00:00+00:00' AIRFLOW_CTX_TRY_NUMBER='1' AIRFLOW_CTX_DAG_RUN_ID='scheduled__2024-05-14T05:00:00+00:00'
[2024-05-17T14:56:43.050+0000] {taskinstance.py:430} INFO - ::endgroup::
[2024-05-17T14:56:43.051+0000] {logging_mixin.py:188} INFO - Hello Airflow! Task completed!
[2024-05-17T14:56:43.052+0000] {python.py:237} INFO - Done. Returned value was: None
[2024-05-17T14:56:43.054+0000] {taskinstance.py:441} INFO - ::group::Post task execution logs
[2024-05-17T14:56:43.061+0000] {taskinstance.py:1206} INFO - Marking task as SUCCESS. dag_id=first_dag, task_id=print_hello, run_id=scheduled__2024-05-14T05:00:00+00:00, execution_date=20240514T050000, start_date=20240517T145642, end_date=20240517T145643
[2024-05-17T14:56:43.092+0000] {local_task_job_runner.py:240} INFO - Task exited with return code 0
[2024-05-17T14:56:43.106+0000] {taskinstance.py:3498} INFO - 0 downstream tasks scheduled from follow-on schedule check
[2024-05-17T14:56:43.109+0000] {local_task_job_runner.py:222} INFO - ::endgroup::
