[2024-05-17T15:13:14.769+0000] {local_task_job_runner.py:120} INFO - ::group::Pre task execution logs
[2024-05-17T15:13:14.799+0000] {taskinstance.py:2076} INFO - Dependencies all met for dep_context=non-requeueable deps ti=<TaskInstance: process_sales.extract_data_from_api manual__2024-05-17T15:13:12.876714+00:00 [queued]>
[2024-05-17T15:13:14.820+0000] {taskinstance.py:2076} INFO - Dependencies all met for dep_context=requeueable deps ti=<TaskInstance: process_sales.extract_data_from_api manual__2024-05-17T15:13:12.876714+00:00 [queued]>
[2024-05-17T15:13:14.826+0000] {taskinstance.py:2306} INFO - Starting attempt 1 of 3
[2024-05-17T15:13:14.851+0000] {taskinstance.py:2330} INFO - Executing <Task(PythonOperator): extract_data_from_api> on 2024-05-17 15:13:12.876714+00:00
[2024-05-17T15:13:14.857+0000] {warnings.py:110} WARNING - /home/***/.local/lib/python3.12/site-packages/***/task/task_runner/standard_task_runner.py:61: DeprecationWarning: This process (pid=308) is multi-threaded, use of fork() may lead to deadlocks in the child.
  pid = os.fork()

[2024-05-17T15:13:14.859+0000] {standard_task_runner.py:63} INFO - Started process 310 to run task
[2024-05-17T15:13:14.858+0000] {standard_task_runner.py:90} INFO - Running: ['***', 'tasks', 'run', 'process_sales', 'extract_data_from_api', 'manual__2024-05-17T15:13:12.876714+00:00', '--job-id', '183', '--raw', '--subdir', 'DAGS_FOLDER/process_sales.py', '--cfg-path', '/tmp/tmpoxzbgxek']
[2024-05-17T15:13:14.860+0000] {standard_task_runner.py:91} INFO - Job 183: Subtask extract_data_from_api
[2024-05-17T15:13:14.893+0000] {task_command.py:426} INFO - Running <TaskInstance: process_sales.extract_data_from_api manual__2024-05-17T15:13:12.876714+00:00 [running]> on host 6239d20906ca
[2024-05-17T15:13:14.962+0000] {taskinstance.py:2648} INFO - Exporting env vars: AIRFLOW_CTX_DAG_EMAIL='ostapenko.vctr@gmail.com' AIRFLOW_CTX_DAG_OWNER='***' AIRFLOW_CTX_DAG_ID='process_sales' AIRFLOW_CTX_TASK_ID='extract_data_from_api' AIRFLOW_CTX_EXECUTION_DATE='2024-05-17T15:13:12.876714+00:00' AIRFLOW_CTX_TRY_NUMBER='1' AIRFLOW_CTX_DAG_RUN_ID='manual__2024-05-17T15:13:12.876714+00:00'
[2024-05-17T15:13:14.967+0000] {taskinstance.py:430} INFO - ::endgroup::
[2024-05-17T15:13:17.668+0000] {logging_mixin.py:188} INFO - Job_2 done! Response code: 200.
[2024-05-17T15:13:17.668+0000] {python.py:237} INFO - Done. Returned value was: None
[2024-05-17T15:13:17.671+0000] {taskinstance.py:441} INFO - ::group::Post task execution logs
[2024-05-17T15:13:17.677+0000] {taskinstance.py:1206} INFO - Marking task as SUCCESS. dag_id=process_sales, task_id=extract_data_from_api, run_id=manual__2024-05-17T15:13:12.876714+00:00, execution_date=20240517T151312, start_date=20240517T151314, end_date=20240517T151317
[2024-05-17T15:13:17.728+0000] {local_task_job_runner.py:240} INFO - Task exited with return code 0
[2024-05-17T15:13:17.757+0000] {taskinstance.py:3498} INFO - 1 downstream tasks scheduled from follow-on schedule check
[2024-05-17T15:13:17.761+0000] {local_task_job_runner.py:222} INFO - ::endgroup::
