[2024-05-17T19:09:48.699+0000] {local_task_job_runner.py:120} INFO - ::group::Pre task execution logs
[2024-05-17T19:09:48.721+0000] {taskinstance.py:2076} INFO - Dependencies all met for dep_context=non-requeueable deps ti=<TaskInstance: process_sales.convert_to_avro scheduled__2022-08-09T01:00:00+00:00 [queued]>
[2024-05-17T19:09:48.728+0000] {taskinstance.py:2076} INFO - Dependencies all met for dep_context=requeueable deps ti=<TaskInstance: process_sales.convert_to_avro scheduled__2022-08-09T01:00:00+00:00 [queued]>
[2024-05-17T19:09:48.728+0000] {taskinstance.py:2306} INFO - Starting attempt 1 of 3
[2024-05-17T19:09:48.741+0000] {taskinstance.py:2330} INFO - Executing <Task(PythonOperator): convert_to_avro> on 2022-08-09 01:00:00+00:00
[2024-05-17T19:09:48.747+0000] {warnings.py:110} WARNING - /home/***/.local/lib/python3.12/site-packages/***/task/task_runner/standard_task_runner.py:61: DeprecationWarning: This process (pid=1416) is multi-threaded, use of fork() may lead to deadlocks in the child.
  pid = os.fork()

[2024-05-17T19:09:48.749+0000] {standard_task_runner.py:63} INFO - Started process 1418 to run task
[2024-05-17T19:09:48.749+0000] {standard_task_runner.py:90} INFO - Running: ['***', 'tasks', 'run', 'process_sales', 'convert_to_avro', 'scheduled__2022-08-09T01:00:00+00:00', '--job-id', '217', '--raw', '--subdir', 'DAGS_FOLDER/process_sales.py', '--cfg-path', '/tmp/tmp7ujdt0r2']
[2024-05-17T19:09:48.750+0000] {standard_task_runner.py:91} INFO - Job 217: Subtask convert_to_avro
[2024-05-17T19:09:48.789+0000] {task_command.py:426} INFO - Running <TaskInstance: process_sales.convert_to_avro scheduled__2022-08-09T01:00:00+00:00 [running]> on host 6239d20906ca
[2024-05-17T19:09:48.849+0000] {taskinstance.py:2648} INFO - Exporting env vars: AIRFLOW_CTX_DAG_EMAIL='ostapenko.vctr@gmail.com' AIRFLOW_CTX_DAG_OWNER='***' AIRFLOW_CTX_DAG_ID='process_sales' AIRFLOW_CTX_TASK_ID='convert_to_avro' AIRFLOW_CTX_EXECUTION_DATE='2022-08-09T01:00:00+00:00' AIRFLOW_CTX_TRY_NUMBER='1' AIRFLOW_CTX_DAG_RUN_ID='scheduled__2022-08-09T01:00:00+00:00'
[2024-05-17T19:09:48.851+0000] {taskinstance.py:430} INFO - ::endgroup::
[2024-05-17T19:09:49.111+0000] {logging_mixin.py:188} INFO - Job_2 done! Response code: 200.
[2024-05-17T19:09:49.112+0000] {python.py:237} INFO - Done. Returned value was: None
[2024-05-17T19:09:49.113+0000] {taskinstance.py:441} INFO - ::group::Post task execution logs
[2024-05-17T19:09:49.122+0000] {taskinstance.py:1206} INFO - Marking task as SUCCESS. dag_id=process_sales, task_id=convert_to_avro, run_id=scheduled__2022-08-09T01:00:00+00:00, execution_date=20220809T010000, start_date=20240517T190948, end_date=20240517T190949
[2024-05-17T19:09:49.164+0000] {local_task_job_runner.py:240} INFO - Task exited with return code 0
[2024-05-17T19:09:49.178+0000] {taskinstance.py:3498} INFO - 0 downstream tasks scheduled from follow-on schedule check
[2024-05-17T19:09:49.181+0000] {local_task_job_runner.py:222} INFO - ::endgroup::
[2024-05-17T19:14:14.230+0000] {local_task_job_runner.py:120} INFO - ::group::Pre task execution logs
[2024-05-17T19:14:14.284+0000] {taskinstance.py:2076} INFO - Dependencies all met for dep_context=non-requeueable deps ti=<TaskInstance: process_sales.convert_to_avro scheduled__2022-08-09T01:00:00+00:00 [queued]>
[2024-05-17T19:14:14.308+0000] {taskinstance.py:2076} INFO - Dependencies all met for dep_context=requeueable deps ti=<TaskInstance: process_sales.convert_to_avro scheduled__2022-08-09T01:00:00+00:00 [queued]>
[2024-05-17T19:14:14.310+0000] {taskinstance.py:2306} INFO - Starting attempt 1 of 3
[2024-05-17T19:14:14.350+0000] {taskinstance.py:2330} INFO - Executing <Task(PythonOperator): convert_to_avro> on 2022-08-09 01:00:00+00:00
[2024-05-17T19:14:14.363+0000] {warnings.py:110} WARNING - /home/***/.local/lib/python3.12/site-packages/***/task/task_runner/standard_task_runner.py:61: DeprecationWarning: This process (pid=81) is multi-threaded, use of fork() may lead to deadlocks in the child.
  pid = os.fork()

[2024-05-17T19:14:14.366+0000] {standard_task_runner.py:63} INFO - Started process 83 to run task
[2024-05-17T19:14:14.367+0000] {standard_task_runner.py:90} INFO - Running: ['***', 'tasks', 'run', 'process_sales', 'convert_to_avro', 'scheduled__2022-08-09T01:00:00+00:00', '--job-id', '242', '--raw', '--subdir', 'DAGS_FOLDER/process_sales.py', '--cfg-path', '/tmp/tmp_9rhzjr8']
[2024-05-17T19:14:14.374+0000] {standard_task_runner.py:91} INFO - Job 242: Subtask convert_to_avro
[2024-05-17T19:14:14.534+0000] {task_command.py:426} INFO - Running <TaskInstance: process_sales.convert_to_avro scheduled__2022-08-09T01:00:00+00:00 [running]> on host 6239d20906ca
[2024-05-17T19:14:14.793+0000] {taskinstance.py:2648} INFO - Exporting env vars: AIRFLOW_CTX_DAG_EMAIL='ostapenko.vctr@gmail.com' AIRFLOW_CTX_DAG_OWNER='***' AIRFLOW_CTX_DAG_ID='process_sales' AIRFLOW_CTX_TASK_ID='convert_to_avro' AIRFLOW_CTX_EXECUTION_DATE='2022-08-09T01:00:00+00:00' AIRFLOW_CTX_TRY_NUMBER='1' AIRFLOW_CTX_DAG_RUN_ID='scheduled__2022-08-09T01:00:00+00:00'
[2024-05-17T19:14:14.821+0000] {taskinstance.py:430} INFO - ::endgroup::
[2024-05-17T19:14:15.423+0000] {logging_mixin.py:188} INFO - Job_2 done! Response code: 200.
[2024-05-17T19:14:15.424+0000] {python.py:237} INFO - Done. Returned value was: None
[2024-05-17T19:14:15.425+0000] {taskinstance.py:441} INFO - ::group::Post task execution logs
[2024-05-17T19:14:15.438+0000] {taskinstance.py:1206} INFO - Marking task as SUCCESS. dag_id=process_sales, task_id=convert_to_avro, run_id=scheduled__2022-08-09T01:00:00+00:00, execution_date=20220809T010000, start_date=20240517T191414, end_date=20240517T191415
[2024-05-17T19:14:15.510+0000] {local_task_job_runner.py:240} INFO - Task exited with return code 0
[2024-05-17T19:14:15.539+0000] {taskinstance.py:3498} INFO - 0 downstream tasks scheduled from follow-on schedule check
[2024-05-17T19:14:15.543+0000] {local_task_job_runner.py:222} INFO - ::endgroup::
[2024-05-17T19:15:42.349+0000] {local_task_job_runner.py:120} INFO - ::group::Pre task execution logs
[2024-05-17T19:15:42.401+0000] {taskinstance.py:2076} INFO - Dependencies all met for dep_context=non-requeueable deps ti=<TaskInstance: process_sales.convert_to_avro scheduled__2022-08-09T01:00:00+00:00 [queued]>
[2024-05-17T19:15:42.420+0000] {taskinstance.py:2076} INFO - Dependencies all met for dep_context=requeueable deps ti=<TaskInstance: process_sales.convert_to_avro scheduled__2022-08-09T01:00:00+00:00 [queued]>
[2024-05-17T19:15:42.422+0000] {taskinstance.py:2306} INFO - Starting attempt 1 of 3
[2024-05-17T19:15:42.459+0000] {taskinstance.py:2330} INFO - Executing <Task(PythonOperator): convert_to_avro> on 2022-08-09 01:00:00+00:00
[2024-05-17T19:15:42.471+0000] {warnings.py:110} WARNING - /home/***/.local/lib/python3.12/site-packages/***/task/task_runner/standard_task_runner.py:61: DeprecationWarning: This process (pid=107) is multi-threaded, use of fork() may lead to deadlocks in the child.
  pid = os.fork()

[2024-05-17T19:15:42.475+0000] {standard_task_runner.py:63} INFO - Started process 116 to run task
[2024-05-17T19:15:42.475+0000] {standard_task_runner.py:90} INFO - Running: ['***', 'tasks', 'run', 'process_sales', 'convert_to_avro', 'scheduled__2022-08-09T01:00:00+00:00', '--job-id', '246', '--raw', '--subdir', 'DAGS_FOLDER/process_sales.py', '--cfg-path', '/tmp/tmp9388hvjl']
[2024-05-17T19:15:42.481+0000] {standard_task_runner.py:91} INFO - Job 246: Subtask convert_to_avro
[2024-05-17T19:15:42.604+0000] {task_command.py:426} INFO - Running <TaskInstance: process_sales.convert_to_avro scheduled__2022-08-09T01:00:00+00:00 [running]> on host 6239d20906ca
[2024-05-17T19:15:42.793+0000] {taskinstance.py:2648} INFO - Exporting env vars: AIRFLOW_CTX_DAG_EMAIL='ostapenko.vctr@gmail.com' AIRFLOW_CTX_DAG_OWNER='***' AIRFLOW_CTX_DAG_ID='process_sales' AIRFLOW_CTX_TASK_ID='convert_to_avro' AIRFLOW_CTX_EXECUTION_DATE='2022-08-09T01:00:00+00:00' AIRFLOW_CTX_TRY_NUMBER='1' AIRFLOW_CTX_DAG_RUN_ID='scheduled__2022-08-09T01:00:00+00:00'
[2024-05-17T19:15:42.798+0000] {taskinstance.py:430} INFO - ::endgroup::
[2024-05-17T19:15:43.694+0000] {logging_mixin.py:188} INFO - Job_2 done! Response code: 200.
[2024-05-17T19:15:43.697+0000] {python.py:237} INFO - Done. Returned value was: None
[2024-05-17T19:15:43.701+0000] {taskinstance.py:441} INFO - ::group::Post task execution logs
[2024-05-17T19:15:43.721+0000] {taskinstance.py:1206} INFO - Marking task as SUCCESS. dag_id=process_sales, task_id=convert_to_avro, run_id=scheduled__2022-08-09T01:00:00+00:00, execution_date=20220809T010000, start_date=20240517T191542, end_date=20240517T191543
[2024-05-17T19:15:43.781+0000] {local_task_job_runner.py:240} INFO - Task exited with return code 0
[2024-05-17T19:15:43.807+0000] {taskinstance.py:3498} INFO - 0 downstream tasks scheduled from follow-on schedule check
[2024-05-17T19:15:43.810+0000] {local_task_job_runner.py:222} INFO - ::endgroup::
