[2024-05-17T19:10:35.424+0000] {local_task_job_runner.py:120} INFO - ::group::Pre task execution logs
[2024-05-17T19:10:35.440+0000] {taskinstance.py:2076} INFO - Dependencies all met for dep_context=non-requeueable deps ti=<TaskInstance: process_sales.convert_to_avro scheduled__2022-08-11T01:00:00+00:00 [queued]>
[2024-05-17T19:10:35.446+0000] {taskinstance.py:2076} INFO - Dependencies all met for dep_context=requeueable deps ti=<TaskInstance: process_sales.convert_to_avro scheduled__2022-08-11T01:00:00+00:00 [queued]>
[2024-05-17T19:10:35.447+0000] {taskinstance.py:2306} INFO - Starting attempt 1 of 3
[2024-05-17T19:10:35.457+0000] {taskinstance.py:2330} INFO - Executing <Task(PythonOperator): convert_to_avro> on 2022-08-11 01:00:00+00:00
[2024-05-17T19:10:35.462+0000] {warnings.py:110} WARNING - /home/***/.local/lib/python3.12/site-packages/***/task/task_runner/standard_task_runner.py:61: DeprecationWarning: This process (pid=1441) is multi-threaded, use of fork() may lead to deadlocks in the child.
  pid = os.fork()

[2024-05-17T19:10:35.463+0000] {standard_task_runner.py:63} INFO - Started process 1443 to run task
[2024-05-17T19:10:35.463+0000] {standard_task_runner.py:90} INFO - Running: ['***', 'tasks', 'run', 'process_sales', 'convert_to_avro', 'scheduled__2022-08-11T01:00:00+00:00', '--job-id', '223', '--raw', '--subdir', 'DAGS_FOLDER/process_sales.py', '--cfg-path', '/tmp/tmpjzgnhdtm']
[2024-05-17T19:10:35.465+0000] {standard_task_runner.py:91} INFO - Job 223: Subtask convert_to_avro
[2024-05-17T19:10:35.501+0000] {task_command.py:426} INFO - Running <TaskInstance: process_sales.convert_to_avro scheduled__2022-08-11T01:00:00+00:00 [running]> on host 6239d20906ca
[2024-05-17T19:10:35.569+0000] {taskinstance.py:2648} INFO - Exporting env vars: AIRFLOW_CTX_DAG_EMAIL='ostapenko.vctr@gmail.com' AIRFLOW_CTX_DAG_OWNER='***' AIRFLOW_CTX_DAG_ID='process_sales' AIRFLOW_CTX_TASK_ID='convert_to_avro' AIRFLOW_CTX_EXECUTION_DATE='2022-08-11T01:00:00+00:00' AIRFLOW_CTX_TRY_NUMBER='1' AIRFLOW_CTX_DAG_RUN_ID='scheduled__2022-08-11T01:00:00+00:00'
[2024-05-17T19:10:35.571+0000] {taskinstance.py:430} INFO - ::endgroup::
[2024-05-17T19:10:35.785+0000] {logging_mixin.py:188} INFO - Job_2 done! Response code: 200.
[2024-05-17T19:10:35.786+0000] {python.py:237} INFO - Done. Returned value was: None
[2024-05-17T19:10:35.787+0000] {taskinstance.py:441} INFO - ::group::Post task execution logs
[2024-05-17T19:10:35.796+0000] {taskinstance.py:1206} INFO - Marking task as SUCCESS. dag_id=process_sales, task_id=convert_to_avro, run_id=scheduled__2022-08-11T01:00:00+00:00, execution_date=20220811T010000, start_date=20240517T191035, end_date=20240517T191035
[2024-05-17T19:10:35.838+0000] {local_task_job_runner.py:240} INFO - Task exited with return code 0
[2024-05-17T19:10:35.851+0000] {taskinstance.py:3498} INFO - 0 downstream tasks scheduled from follow-on schedule check
[2024-05-17T19:10:35.854+0000] {local_task_job_runner.py:222} INFO - ::endgroup::
[2024-05-17T19:16:07.750+0000] {local_task_job_runner.py:120} INFO - ::group::Pre task execution logs
[2024-05-17T19:16:07.768+0000] {taskinstance.py:2076} INFO - Dependencies all met for dep_context=non-requeueable deps ti=<TaskInstance: process_sales.convert_to_avro scheduled__2022-08-11T01:00:00+00:00 [queued]>
[2024-05-17T19:16:07.774+0000] {taskinstance.py:2076} INFO - Dependencies all met for dep_context=requeueable deps ti=<TaskInstance: process_sales.convert_to_avro scheduled__2022-08-11T01:00:00+00:00 [queued]>
[2024-05-17T19:16:07.776+0000] {taskinstance.py:2306} INFO - Starting attempt 1 of 3
[2024-05-17T19:16:07.787+0000] {taskinstance.py:2330} INFO - Executing <Task(PythonOperator): convert_to_avro> on 2022-08-11 01:00:00+00:00
[2024-05-17T19:16:07.792+0000] {warnings.py:110} WARNING - /home/***/.local/lib/python3.12/site-packages/***/task/task_runner/standard_task_runner.py:61: DeprecationWarning: This process (pid=126) is multi-threaded, use of fork() may lead to deadlocks in the child.
  pid = os.fork()

[2024-05-17T19:16:07.793+0000] {standard_task_runner.py:63} INFO - Started process 128 to run task
[2024-05-17T19:16:07.794+0000] {standard_task_runner.py:90} INFO - Running: ['***', 'tasks', 'run', 'process_sales', 'convert_to_avro', 'scheduled__2022-08-11T01:00:00+00:00', '--job-id', '250', '--raw', '--subdir', 'DAGS_FOLDER/process_sales.py', '--cfg-path', '/tmp/tmp2kwh7hjm']
[2024-05-17T19:16:07.796+0000] {standard_task_runner.py:91} INFO - Job 250: Subtask convert_to_avro
[2024-05-17T19:16:07.830+0000] {task_command.py:426} INFO - Running <TaskInstance: process_sales.convert_to_avro scheduled__2022-08-11T01:00:00+00:00 [running]> on host 6239d20906ca
[2024-05-17T19:16:07.894+0000] {taskinstance.py:2648} INFO - Exporting env vars: AIRFLOW_CTX_DAG_EMAIL='ostapenko.vctr@gmail.com' AIRFLOW_CTX_DAG_OWNER='***' AIRFLOW_CTX_DAG_ID='process_sales' AIRFLOW_CTX_TASK_ID='convert_to_avro' AIRFLOW_CTX_EXECUTION_DATE='2022-08-11T01:00:00+00:00' AIRFLOW_CTX_TRY_NUMBER='1' AIRFLOW_CTX_DAG_RUN_ID='scheduled__2022-08-11T01:00:00+00:00'
[2024-05-17T19:16:07.896+0000] {taskinstance.py:430} INFO - ::endgroup::
[2024-05-17T19:16:08.080+0000] {logging_mixin.py:188} INFO - Job_2 done! Response code: 200.
[2024-05-17T19:16:08.082+0000] {python.py:237} INFO - Done. Returned value was: None
[2024-05-17T19:16:08.083+0000] {taskinstance.py:441} INFO - ::group::Post task execution logs
[2024-05-17T19:16:08.092+0000] {taskinstance.py:1206} INFO - Marking task as SUCCESS. dag_id=process_sales, task_id=convert_to_avro, run_id=scheduled__2022-08-11T01:00:00+00:00, execution_date=20220811T010000, start_date=20240517T191607, end_date=20240517T191608
[2024-05-17T19:16:08.128+0000] {local_task_job_runner.py:240} INFO - Task exited with return code 0
[2024-05-17T19:16:08.140+0000] {taskinstance.py:3498} INFO - 0 downstream tasks scheduled from follow-on schedule check
[2024-05-17T19:16:08.143+0000] {local_task_job_runner.py:222} INFO - ::endgroup::
