[2024-05-17T19:11:08.934+0000] {local_task_job_runner.py:120} INFO - ::group::Pre task execution logs
[2024-05-17T19:11:08.953+0000] {taskinstance.py:2076} INFO - Dependencies all met for dep_context=non-requeueable deps ti=<TaskInstance: process_sales.extract_data_from_api scheduled__2022-08-18T01:00:00+00:00 [queued]>
[2024-05-17T19:11:08.959+0000] {taskinstance.py:2076} INFO - Dependencies all met for dep_context=requeueable deps ti=<TaskInstance: process_sales.extract_data_from_api scheduled__2022-08-18T01:00:00+00:00 [queued]>
[2024-05-17T19:11:08.960+0000] {taskinstance.py:2306} INFO - Starting attempt 1 of 3
[2024-05-17T19:11:08.969+0000] {taskinstance.py:2330} INFO - Executing <Task(PythonOperator): extract_data_from_api> on 2022-08-18 01:00:00+00:00
[2024-05-17T19:11:08.975+0000] {warnings.py:110} WARNING - /home/***/.local/lib/python3.12/site-packages/***/task/task_runner/standard_task_runner.py:61: DeprecationWarning: This process (pid=1487) is multi-threaded, use of fork() may lead to deadlocks in the child.
  pid = os.fork()

[2024-05-17T19:11:08.977+0000] {standard_task_runner.py:63} INFO - Started process 1496 to run task
[2024-05-17T19:11:08.977+0000] {standard_task_runner.py:90} INFO - Running: ['***', 'tasks', 'run', 'process_sales', 'extract_data_from_api', 'scheduled__2022-08-18T01:00:00+00:00', '--job-id', '236', '--raw', '--subdir', 'DAGS_FOLDER/process_sales.py', '--cfg-path', '/tmp/tmpuoje1i83']
[2024-05-17T19:11:08.979+0000] {standard_task_runner.py:91} INFO - Job 236: Subtask extract_data_from_api
[2024-05-17T19:11:09.017+0000] {task_command.py:426} INFO - Running <TaskInstance: process_sales.extract_data_from_api scheduled__2022-08-18T01:00:00+00:00 [running]> on host 6239d20906ca
[2024-05-17T19:11:09.089+0000] {taskinstance.py:2648} INFO - Exporting env vars: AIRFLOW_CTX_DAG_EMAIL='ostapenko.vctr@gmail.com' AIRFLOW_CTX_DAG_OWNER='***' AIRFLOW_CTX_DAG_ID='process_sales' AIRFLOW_CTX_TASK_ID='extract_data_from_api' AIRFLOW_CTX_EXECUTION_DATE='2022-08-18T01:00:00+00:00' AIRFLOW_CTX_TRY_NUMBER='1' AIRFLOW_CTX_DAG_RUN_ID='scheduled__2022-08-18T01:00:00+00:00'
[2024-05-17T19:11:09.091+0000] {taskinstance.py:430} INFO - ::endgroup::
[2024-05-17T19:11:09.092+0000] {logging_mixin.py:188} INFO - 2022-08-18
[2024-05-17T19:11:10.131+0000] {logging_mixin.py:188} INFO - Job_2 done! Response code: 200.
[2024-05-17T19:11:10.132+0000] {python.py:237} INFO - Done. Returned value was: None
[2024-05-17T19:11:10.133+0000] {taskinstance.py:441} INFO - ::group::Post task execution logs
[2024-05-17T19:11:10.141+0000] {taskinstance.py:1206} INFO - Marking task as SUCCESS. dag_id=process_sales, task_id=extract_data_from_api, run_id=scheduled__2022-08-18T01:00:00+00:00, execution_date=20220818T010000, start_date=20240517T191108, end_date=20240517T191110
[2024-05-17T19:11:10.196+0000] {local_task_job_runner.py:240} INFO - Task exited with return code 0
[2024-05-17T19:11:10.211+0000] {taskinstance.py:3498} INFO - 1 downstream tasks scheduled from follow-on schedule check
[2024-05-17T19:11:10.214+0000] {local_task_job_runner.py:222} INFO - ::endgroup::
