[2024-05-14T16:08:31.663+0000] {local_task_job_runner.py:120} INFO - ::group::Pre task execution logs
[2024-05-14T16:08:31.681+0000] {taskinstance.py:2076} INFO - Dependencies all met for dep_context=non-requeueable deps ti=<TaskInstance: process_sales.convert_to_avro manual__2024-05-14T16:08:26.615667+00:00 [queued]>
[2024-05-14T16:08:31.689+0000] {taskinstance.py:2076} INFO - Dependencies all met for dep_context=requeueable deps ti=<TaskInstance: process_sales.convert_to_avro manual__2024-05-14T16:08:26.615667+00:00 [queued]>
[2024-05-14T16:08:31.690+0000] {taskinstance.py:2306} INFO - Starting attempt 1 of 3
[2024-05-14T16:08:31.702+0000] {taskinstance.py:2330} INFO - Executing <Task(PythonOperator): convert_to_avro> on 2024-05-14 16:08:26.615667+00:00
[2024-05-14T16:08:31.711+0000] {warnings.py:110} WARNING - /home/***/.local/lib/python3.12/site-packages/***/task/task_runner/standard_task_runner.py:61: DeprecationWarning: This process (pid=189) is multi-threaded, use of fork() may lead to deadlocks in the child.
  pid = os.fork()

[2024-05-14T16:08:31.713+0000] {standard_task_runner.py:63} INFO - Started process 191 to run task
[2024-05-14T16:08:31.712+0000] {standard_task_runner.py:90} INFO - Running: ['***', 'tasks', 'run', 'process_sales', 'convert_to_avro', 'manual__2024-05-14T16:08:26.615667+00:00', '--job-id', '161', '--raw', '--subdir', 'DAGS_FOLDER/process_sales.py', '--cfg-path', '/tmp/tmpep2k5lx6']
[2024-05-14T16:08:31.714+0000] {standard_task_runner.py:91} INFO - Job 161: Subtask convert_to_avro
[2024-05-14T16:08:31.826+0000] {task_command.py:426} INFO - Running <TaskInstance: process_sales.convert_to_avro manual__2024-05-14T16:08:26.615667+00:00 [running]> on host 6239d20906ca
[2024-05-14T16:08:31.915+0000] {taskinstance.py:2648} INFO - Exporting env vars: AIRFLOW_CTX_DAG_EMAIL='ostapenko.vctr@gmail.com' AIRFLOW_CTX_DAG_OWNER='***' AIRFLOW_CTX_DAG_ID='process_sales' AIRFLOW_CTX_TASK_ID='convert_to_avro' AIRFLOW_CTX_EXECUTION_DATE='2024-05-14T16:08:26.615667+00:00' AIRFLOW_CTX_TRY_NUMBER='1' AIRFLOW_CTX_DAG_RUN_ID='manual__2024-05-14T16:08:26.615667+00:00'
[2024-05-14T16:08:31.918+0000] {taskinstance.py:430} INFO - ::endgroup::
[2024-05-14T16:08:31.919+0000] {logging_mixin.py:188} INFO - Starting job2. Date: 2022-08-10
[2024-05-14T16:08:32.205+0000] {logging_mixin.py:188} INFO - job2 completed. Date: 2022-08-10
[2024-05-14T16:08:32.207+0000] {python.py:237} INFO - Done. Returned value was: None
[2024-05-14T16:08:32.208+0000] {taskinstance.py:441} INFO - ::group::Post task execution logs
[2024-05-14T16:08:32.220+0000] {taskinstance.py:1206} INFO - Marking task as SUCCESS. dag_id=process_sales, task_id=convert_to_avro, run_id=manual__2024-05-14T16:08:26.615667+00:00, execution_date=20240514T160826, start_date=20240514T160831, end_date=20240514T160832
[2024-05-14T16:08:32.249+0000] {local_task_job_runner.py:240} INFO - Task exited with return code 0
[2024-05-14T16:08:32.263+0000] {taskinstance.py:3498} INFO - 0 downstream tasks scheduled from follow-on schedule check
[2024-05-14T16:08:32.265+0000] {local_task_job_runner.py:222} INFO - ::endgroup::
