[2024-05-17T19:06:14.232+0000] {local_task_job_runner.py:120} INFO - ::group::Pre task execution logs
[2024-05-17T19:06:14.250+0000] {taskinstance.py:2076} INFO - Dependencies all met for dep_context=non-requeueable deps ti=<TaskInstance: process_sales.convert_to_avro manual__2024-05-17T19:06:09.982255+00:00 [queued]>
[2024-05-17T19:06:14.257+0000] {taskinstance.py:2076} INFO - Dependencies all met for dep_context=requeueable deps ti=<TaskInstance: process_sales.convert_to_avro manual__2024-05-17T19:06:09.982255+00:00 [queued]>
[2024-05-17T19:06:14.257+0000] {taskinstance.py:2306} INFO - Starting attempt 1 of 3
[2024-05-17T19:06:14.266+0000] {taskinstance.py:2330} INFO - Executing <Task(PythonOperator): convert_to_avro> on 2024-05-17 19:06:09.982255+00:00
[2024-05-17T19:06:14.273+0000] {warnings.py:110} WARNING - /home/***/.local/lib/python3.12/site-packages/***/task/task_runner/standard_task_runner.py:61: DeprecationWarning: This process (pid=1361) is multi-threaded, use of fork() may lead to deadlocks in the child.
  pid = os.fork()

[2024-05-17T19:06:14.274+0000] {standard_task_runner.py:63} INFO - Started process 1363 to run task
[2024-05-17T19:06:14.274+0000] {standard_task_runner.py:90} INFO - Running: ['***', 'tasks', 'run', 'process_sales', 'convert_to_avro', 'manual__2024-05-17T19:06:09.982255+00:00', '--job-id', '215', '--raw', '--subdir', 'DAGS_FOLDER/process_sales.py', '--cfg-path', '/tmp/tmphge1mhe2']
[2024-05-17T19:06:14.276+0000] {standard_task_runner.py:91} INFO - Job 215: Subtask convert_to_avro
[2024-05-17T19:06:14.312+0000] {task_command.py:426} INFO - Running <TaskInstance: process_sales.convert_to_avro manual__2024-05-17T19:06:09.982255+00:00 [running]> on host 6239d20906ca
[2024-05-17T19:06:14.372+0000] {taskinstance.py:2648} INFO - Exporting env vars: AIRFLOW_CTX_DAG_EMAIL='ostapenko.vctr@gmail.com' AIRFLOW_CTX_DAG_OWNER='***' AIRFLOW_CTX_DAG_ID='process_sales' AIRFLOW_CTX_TASK_ID='convert_to_avro' AIRFLOW_CTX_EXECUTION_DATE='2024-05-17T19:06:09.982255+00:00' AIRFLOW_CTX_TRY_NUMBER='1' AIRFLOW_CTX_DAG_RUN_ID='manual__2024-05-17T19:06:09.982255+00:00'
[2024-05-17T19:06:14.374+0000] {taskinstance.py:430} INFO - ::endgroup::
[2024-05-17T19:06:14.556+0000] {logging_mixin.py:188} INFO - Job_2 done! Response code: 200.
[2024-05-17T19:06:14.556+0000] {python.py:237} INFO - Done. Returned value was: None
[2024-05-17T19:06:14.557+0000] {taskinstance.py:441} INFO - ::group::Post task execution logs
[2024-05-17T19:06:14.566+0000] {taskinstance.py:1206} INFO - Marking task as SUCCESS. dag_id=process_sales, task_id=convert_to_avro, run_id=manual__2024-05-17T19:06:09.982255+00:00, execution_date=20240517T190609, start_date=20240517T190614, end_date=20240517T190614
[2024-05-17T19:06:14.609+0000] {local_task_job_runner.py:240} INFO - Task exited with return code 0
[2024-05-17T19:06:14.621+0000] {taskinstance.py:3498} INFO - 0 downstream tasks scheduled from follow-on schedule check
[2024-05-17T19:06:14.624+0000] {local_task_job_runner.py:222} INFO - ::endgroup::
