[2024-05-14T16:03:18.167+0000] {local_task_job_runner.py:120} INFO - ::group::Pre task execution logs
[2024-05-14T16:03:18.192+0000] {taskinstance.py:2076} INFO - Dependencies all met for dep_context=non-requeueable deps ti=<TaskInstance: process_sales.extract_data_from_api manual__2024-05-14T16:03:16.621897+00:00 [queued]>
[2024-05-14T16:03:18.203+0000] {taskinstance.py:2076} INFO - Dependencies all met for dep_context=requeueable deps ti=<TaskInstance: process_sales.extract_data_from_api manual__2024-05-14T16:03:16.621897+00:00 [queued]>
[2024-05-14T16:03:18.205+0000] {taskinstance.py:2306} INFO - Starting attempt 1 of 3
[2024-05-14T16:03:18.220+0000] {taskinstance.py:2330} INFO - Executing <Task(PythonOperator): extract_data_from_api> on 2024-05-14 16:03:16.621897+00:00
[2024-05-14T16:03:18.229+0000] {warnings.py:110} WARNING - /home/***/.local/lib/python3.12/site-packages/***/task/task_runner/standard_task_runner.py:61: DeprecationWarning: This process (pid=84) is multi-threaded, use of fork() may lead to deadlocks in the child.
  pid = os.fork()

[2024-05-14T16:03:18.232+0000] {standard_task_runner.py:63} INFO - Started process 86 to run task
[2024-05-14T16:03:18.231+0000] {standard_task_runner.py:90} INFO - Running: ['***', 'tasks', 'run', 'process_sales', 'extract_data_from_api', 'manual__2024-05-14T16:03:16.621897+00:00', '--job-id', '150', '--raw', '--subdir', 'DAGS_FOLDER/process_sales.py', '--cfg-path', '/tmp/tmp5oomdfnr']
[2024-05-14T16:03:18.234+0000] {standard_task_runner.py:91} INFO - Job 150: Subtask extract_data_from_api
[2024-05-14T16:03:18.292+0000] {task_command.py:426} INFO - Running <TaskInstance: process_sales.extract_data_from_api manual__2024-05-14T16:03:16.621897+00:00 [running]> on host 6239d20906ca
[2024-05-14T16:03:18.370+0000] {taskinstance.py:2648} INFO - Exporting env vars: AIRFLOW_CTX_DAG_EMAIL='ostapenko.vctr@gmail.com' AIRFLOW_CTX_DAG_OWNER='***' AIRFLOW_CTX_DAG_ID='process_sales' AIRFLOW_CTX_TASK_ID='extract_data_from_api' AIRFLOW_CTX_EXECUTION_DATE='2024-05-14T16:03:16.621897+00:00' AIRFLOW_CTX_TRY_NUMBER='1' AIRFLOW_CTX_DAG_RUN_ID='manual__2024-05-14T16:03:16.621897+00:00'
[2024-05-14T16:03:18.373+0000] {taskinstance.py:430} INFO - ::endgroup::
[2024-05-14T16:03:18.374+0000] {logging_mixin.py:188} INFO - Starting job1. Date: 2022-08-10. RAW_DIR: raw/sales/2022-08-10
[2024-05-14T16:03:18.375+0000] {logging_mixin.py:188} INFO - Sending request to "http://localhost:8081"
[2024-05-14T16:03:27.679+0000] {logging_mixin.py:188} INFO - Req sent to "http://localhost:8081"
[2024-05-14T16:03:27.680+0000] {logging_mixin.py:188} INFO - job1 completed. Date: 2022-08-10
[2024-05-14T16:03:27.681+0000] {python.py:237} INFO - Done. Returned value was: None
[2024-05-14T16:03:27.683+0000] {taskinstance.py:441} INFO - ::group::Post task execution logs
[2024-05-14T16:03:27.702+0000] {taskinstance.py:1206} INFO - Marking task as SUCCESS. dag_id=process_sales, task_id=extract_data_from_api, run_id=manual__2024-05-14T16:03:16.621897+00:00, execution_date=20240514T160316, start_date=20240514T160318, end_date=20240514T160327
[2024-05-14T16:03:27.785+0000] {local_task_job_runner.py:240} INFO - Task exited with return code 0
[2024-05-14T16:03:27.814+0000] {taskinstance.py:3498} INFO - 0 downstream tasks scheduled from follow-on schedule check
[2024-05-14T16:03:27.819+0000] {local_task_job_runner.py:222} INFO - ::endgroup::
