[2024-05-14T16:04:14.505+0000] {local_task_job_runner.py:120} INFO - ::group::Pre task execution logs
[2024-05-14T16:04:14.524+0000] {taskinstance.py:2076} INFO - Dependencies all met for dep_context=non-requeueable deps ti=<TaskInstance: process_sales.extract_data_from_api manual__2024-05-14T16:04:12.774669+00:00 [queued]>
[2024-05-14T16:04:14.531+0000] {taskinstance.py:2076} INFO - Dependencies all met for dep_context=requeueable deps ti=<TaskInstance: process_sales.extract_data_from_api manual__2024-05-14T16:04:12.774669+00:00 [queued]>
[2024-05-14T16:04:14.531+0000] {taskinstance.py:2306} INFO - Starting attempt 1 of 3
[2024-05-14T16:04:14.545+0000] {taskinstance.py:2330} INFO - Executing <Task(PythonOperator): extract_data_from_api> on 2024-05-14 16:04:12.774669+00:00
[2024-05-14T16:04:14.552+0000] {warnings.py:110} WARNING - /home/***/.local/lib/python3.12/site-packages/***/task/task_runner/standard_task_runner.py:61: DeprecationWarning: This process (pid=101) is multi-threaded, use of fork() may lead to deadlocks in the child.
  pid = os.fork()

[2024-05-14T16:04:14.555+0000] {standard_task_runner.py:63} INFO - Started process 103 to run task
[2024-05-14T16:04:14.554+0000] {standard_task_runner.py:90} INFO - Running: ['***', 'tasks', 'run', 'process_sales', 'extract_data_from_api', 'manual__2024-05-14T16:04:12.774669+00:00', '--job-id', '151', '--raw', '--subdir', 'DAGS_FOLDER/process_sales.py', '--cfg-path', '/tmp/tmp2rfuhoue']
[2024-05-14T16:04:14.557+0000] {standard_task_runner.py:91} INFO - Job 151: Subtask extract_data_from_api
[2024-05-14T16:04:14.602+0000] {task_command.py:426} INFO - Running <TaskInstance: process_sales.extract_data_from_api manual__2024-05-14T16:04:12.774669+00:00 [running]> on host 6239d20906ca
[2024-05-14T16:04:14.690+0000] {taskinstance.py:2648} INFO - Exporting env vars: AIRFLOW_CTX_DAG_EMAIL='ostapenko.vctr@gmail.com' AIRFLOW_CTX_DAG_OWNER='***' AIRFLOW_CTX_DAG_ID='process_sales' AIRFLOW_CTX_TASK_ID='extract_data_from_api' AIRFLOW_CTX_EXECUTION_DATE='2024-05-14T16:04:12.774669+00:00' AIRFLOW_CTX_TRY_NUMBER='1' AIRFLOW_CTX_DAG_RUN_ID='manual__2024-05-14T16:04:12.774669+00:00'
[2024-05-14T16:04:14.693+0000] {taskinstance.py:430} INFO - ::endgroup::
[2024-05-14T16:04:14.694+0000] {logging_mixin.py:188} INFO - Starting job1. Date: 2022-08-10. RAW_DIR: raw/sales/2022-08-10
[2024-05-14T16:04:14.695+0000] {logging_mixin.py:188} INFO - Sending request to "http://localhost:8081"
[2024-05-14T16:04:16.403+0000] {logging_mixin.py:188} INFO - Req sent to "http://localhost:8081"
[2024-05-14T16:04:16.404+0000] {logging_mixin.py:188} INFO - job1 completed. Date: 2022-08-10
[2024-05-14T16:04:16.407+0000] {python.py:237} INFO - Done. Returned value was: None
[2024-05-14T16:04:16.412+0000] {taskinstance.py:441} INFO - ::group::Post task execution logs
[2024-05-14T16:04:16.419+0000] {taskinstance.py:1206} INFO - Marking task as SUCCESS. dag_id=process_sales, task_id=extract_data_from_api, run_id=manual__2024-05-14T16:04:12.774669+00:00, execution_date=20240514T160412, start_date=20240514T160414, end_date=20240514T160416
[2024-05-14T16:04:16.459+0000] {local_task_job_runner.py:240} INFO - Task exited with return code 0
[2024-05-14T16:04:16.484+0000] {taskinstance.py:3498} INFO - 0 downstream tasks scheduled from follow-on schedule check
[2024-05-14T16:04:16.491+0000] {local_task_job_runner.py:222} INFO - ::endgroup::
