[2024-05-17T19:11:16.020+0000] {local_task_job_runner.py:120} INFO - ::group::Pre task execution logs
[2024-05-17T19:11:16.053+0000] {taskinstance.py:2076} INFO - Dependencies all met for dep_context=non-requeueable deps ti=<TaskInstance: process_sales.extract_data_from_api scheduled__2022-08-19T01:00:00+00:00 [queued]>
[2024-05-17T19:11:16.064+0000] {taskinstance.py:2076} INFO - Dependencies all met for dep_context=requeueable deps ti=<TaskInstance: process_sales.extract_data_from_api scheduled__2022-08-19T01:00:00+00:00 [queued]>
[2024-05-17T19:11:16.065+0000] {taskinstance.py:2306} INFO - Starting attempt 1 of 3
[2024-05-17T19:11:16.081+0000] {taskinstance.py:2330} INFO - Executing <Task(PythonOperator): extract_data_from_api> on 2022-08-19 01:00:00+00:00
[2024-05-17T19:11:16.089+0000] {warnings.py:110} WARNING - /home/***/.local/lib/python3.12/site-packages/***/task/task_runner/standard_task_runner.py:61: DeprecationWarning: This process (pid=1500) is multi-threaded, use of fork() may lead to deadlocks in the child.
  pid = os.fork()

[2024-05-17T19:11:16.092+0000] {standard_task_runner.py:63} INFO - Started process 1502 to run task
[2024-05-17T19:11:16.092+0000] {standard_task_runner.py:90} INFO - Running: ['***', 'tasks', 'run', 'process_sales', 'extract_data_from_api', 'scheduled__2022-08-19T01:00:00+00:00', '--job-id', '238', '--raw', '--subdir', 'DAGS_FOLDER/process_sales.py', '--cfg-path', '/tmp/tmp3jupilkq']
[2024-05-17T19:11:16.096+0000] {standard_task_runner.py:91} INFO - Job 238: Subtask extract_data_from_api
[2024-05-17T19:11:16.165+0000] {task_command.py:426} INFO - Running <TaskInstance: process_sales.extract_data_from_api scheduled__2022-08-19T01:00:00+00:00 [running]> on host 6239d20906ca
[2024-05-17T19:11:16.291+0000] {taskinstance.py:2648} INFO - Exporting env vars: AIRFLOW_CTX_DAG_EMAIL='ostapenko.vctr@gmail.com' AIRFLOW_CTX_DAG_OWNER='***' AIRFLOW_CTX_DAG_ID='process_sales' AIRFLOW_CTX_TASK_ID='extract_data_from_api' AIRFLOW_CTX_EXECUTION_DATE='2022-08-19T01:00:00+00:00' AIRFLOW_CTX_TRY_NUMBER='1' AIRFLOW_CTX_DAG_RUN_ID='scheduled__2022-08-19T01:00:00+00:00'
[2024-05-17T19:11:16.294+0000] {taskinstance.py:430} INFO - ::endgroup::
[2024-05-17T19:11:16.296+0000] {logging_mixin.py:188} INFO - 2022-08-19
[2024-05-17T19:11:17.131+0000] {logging_mixin.py:188} INFO - Job_2 done! Response code: 200.
[2024-05-17T19:11:17.132+0000] {python.py:237} INFO - Done. Returned value was: None
[2024-05-17T19:11:17.133+0000] {taskinstance.py:441} INFO - ::group::Post task execution logs
[2024-05-17T19:11:17.155+0000] {taskinstance.py:1206} INFO - Marking task as SUCCESS. dag_id=process_sales, task_id=extract_data_from_api, run_id=scheduled__2022-08-19T01:00:00+00:00, execution_date=20220819T010000, start_date=20240517T191116, end_date=20240517T191117
[2024-05-17T19:11:17.231+0000] {local_task_job_runner.py:240} INFO - Task exited with return code 0
[2024-05-17T19:11:17.278+0000] {taskinstance.py:3498} INFO - 1 downstream tasks scheduled from follow-on schedule check
[2024-05-17T19:11:17.284+0000] {local_task_job_runner.py:222} INFO - ::endgroup::
