[2024-05-13T20:38:27.836+0000] {local_task_job_runner.py:120} INFO - ::group::Pre task execution logs
[2024-05-13T20:38:27.856+0000] {taskinstance.py:2076} INFO - Dependencies all met for dep_context=non-requeueable deps ti=<TaskInstance: first_dag.print_hello scheduled__2024-04-21T05:00:00+00:00 [queued]>
[2024-05-13T20:38:27.863+0000] {taskinstance.py:2076} INFO - Dependencies all met for dep_context=requeueable deps ti=<TaskInstance: first_dag.print_hello scheduled__2024-04-21T05:00:00+00:00 [queued]>
[2024-05-13T20:38:27.864+0000] {taskinstance.py:2306} INFO - Starting attempt 1 of 3
[2024-05-13T20:38:27.878+0000] {taskinstance.py:2330} INFO - Executing <Task(PythonOperator): print_hello> on 2024-04-21 05:00:00+00:00
[2024-05-13T20:38:27.885+0000] {warnings.py:110} WARNING - /home/***/.local/lib/python3.12/site-packages/***/task/task_runner/standard_task_runner.py:61: DeprecationWarning: This process (pid=225) is multi-threaded, use of fork() may lead to deadlocks in the child.
  pid = os.fork()

[2024-05-13T20:38:27.886+0000] {standard_task_runner.py:63} INFO - Started process 249 to run task
[2024-05-13T20:38:27.886+0000] {standard_task_runner.py:90} INFO - Running: ['***', 'tasks', 'run', 'first_dag', 'print_hello', 'scheduled__2024-04-21T05:00:00+00:00', '--job-id', '16', '--raw', '--subdir', 'DAGS_FOLDER/first_dag.py', '--cfg-path', '/tmp/tmpznr2c1ua']
[2024-05-13T20:38:27.889+0000] {standard_task_runner.py:91} INFO - Job 16: Subtask print_hello
[2024-05-13T20:38:27.937+0000] {task_command.py:426} INFO - Running <TaskInstance: first_dag.print_hello scheduled__2024-04-21T05:00:00+00:00 [running]> on host 6239d20906ca
[2024-05-13T20:38:28.033+0000] {taskinstance.py:2648} INFO - Exporting env vars: AIRFLOW_CTX_DAG_EMAIL='ostapenko.vctr@gmail.com' AIRFLOW_CTX_DAG_OWNER='***' AIRFLOW_CTX_DAG_ID='first_dag' AIRFLOW_CTX_TASK_ID='print_hello' AIRFLOW_CTX_EXECUTION_DATE='2024-04-21T05:00:00+00:00' AIRFLOW_CTX_TRY_NUMBER='1' AIRFLOW_CTX_DAG_RUN_ID='scheduled__2024-04-21T05:00:00+00:00'
[2024-05-13T20:38:28.035+0000] {taskinstance.py:430} INFO - ::endgroup::
[2024-05-13T20:38:28.036+0000] {logging_mixin.py:188} INFO - Hello Airflow!
[2024-05-13T20:38:28.037+0000] {python.py:237} INFO - Done. Returned value was: None
[2024-05-13T20:38:28.038+0000] {taskinstance.py:441} INFO - ::group::Post task execution logs
[2024-05-13T20:38:28.049+0000] {taskinstance.py:1206} INFO - Marking task as SUCCESS. dag_id=first_dag, task_id=print_hello, run_id=scheduled__2024-04-21T05:00:00+00:00, execution_date=20240421T050000, start_date=20240513T203827, end_date=20240513T203828
[2024-05-13T20:38:28.101+0000] {local_task_job_runner.py:240} INFO - Task exited with return code 0
[2024-05-13T20:38:28.117+0000] {taskinstance.py:3498} INFO - 0 downstream tasks scheduled from follow-on schedule check
[2024-05-13T20:38:28.119+0000] {local_task_job_runner.py:222} INFO - ::endgroup::
